[2013-11-09 16:25:27] request.ERROR: Uncaught PHP Exception Symfony\Component\HttpKernel\Exception\NotFoundHttpException: "No route found for "GET /"" at /home/denis/NetBeansProjects/blogapp/vendor/symfony/symfony/src/Symfony/Component/HttpKernel/EventListener/RouterListener.php line 116 {"exception":"[object] (Symfony\\Component\\HttpKernel\\Exception\\NotFoundHttpException: No route found for \"GET /\" at /home/denis/NetBeansProjects/blogapp/vendor/symfony/symfony/src/Symfony/Component/HttpKernel/EventListener/RouterListener.php:116, Symfony\\Component\\Routing\\Exception\\ResourceNotFoundException:  at /home/denis/NetBeansProjects/blogapp/app/cache/prod/appProdUrlMatcher.php:30)"} []
[2013-11-09 18:32:17] request.ERROR: Uncaught PHP Exception Symfony\Component\HttpKernel\Exception\NotFoundHttpException: "No route found for "GET /"" at /home/denis/NetBeansProjects/blogapp/vendor/symfony/symfony/src/Symfony/Component/HttpKernel/EventListener/RouterListener.php line 116 {"exception":"[object] (Symfony\\Component\\HttpKernel\\Exception\\NotFoundHttpException: No route found for \"GET /\" at /home/denis/NetBeansProjects/blogapp/vendor/symfony/symfony/src/Symfony/Component/HttpKernel/EventListener/RouterListener.php:116, Symfony\\Component\\Routing\\Exception\\ResourceNotFoundException:  at /home/denis/NetBeansProjects/blogapp/app/cache/prod/appProdUrlMatcher.php:30)"} []
[2013-11-09 18:32:39] request.ERROR: Uncaught PHP Exception Symfony\Component\HttpKernel\Exception\NotFoundHttpException: "No route found for "GET /"" at /home/denis/NetBeansProjects/blogapp/app/cache/prod/classes.php line 1883 {"exception":"[object] (Symfony\\Component\\HttpKernel\\Exception\\NotFoundHttpException: No route found for \"GET /\" at /home/denis/NetBeansProjects/blogapp/app/cache/prod/classes.php:1883, Symfony\\Component\\Routing\\Exception\\ResourceNotFoundException:  at /home/denis/NetBeansProjects/blogapp/app/cache/prod/appProdUrlMatcher.php:30)"} []
[2013-11-09 18:32:43] request.ERROR: Uncaught PHP Exception Symfony\Component\HttpKernel\Exception\NotFoundHttpException: "No route found for "GET /"" at /home/denis/NetBeansProjects/blogapp/app/cache/prod/classes.php line 1883 {"exception":"[object] (Symfony\\Component\\HttpKernel\\Exception\\NotFoundHttpException: No route found for \"GET /\" at /home/denis/NetBeansProjects/blogapp/app/cache/prod/classes.php:1883, Symfony\\Component\\Routing\\Exception\\ResourceNotFoundException:  at /home/denis/NetBeansProjects/blogapp/app/cache/prod/appProdUrlMatcher.php:30)"} []
[2013-11-09 18:53:22] request.ERROR: Uncaught PHP Exception Symfony\Component\HttpKernel\Exception\NotFoundHttpException: "No route found for "GET /"" at /home/denis/NetBeansProjects/blogapp/app/cache/prod/classes.php line 1883 {"exception":"[object] (Symfony\\Component\\HttpKernel\\Exception\\NotFoundHttpException: No route found for \"GET /\" at /home/denis/NetBeansProjects/blogapp/app/cache/prod/classes.php:1883, Symfony\\Component\\Routing\\Exception\\ResourceNotFoundException:  at /home/denis/NetBeansProjects/blogapp/app/cache/prod/appProdUrlMatcher.php:30)"} []
[2013-11-09 19:05:15] request.ERROR: Uncaught PHP Exception Symfony\Component\HttpKernel\Exception\NotFoundHttpException: "No route found for "GET /"" at /home/denis/NetBeansProjects/blogapp/app/cache/prod/classes.php line 1883 {"exception":"[object] (Symfony\\Component\\HttpKernel\\Exception\\NotFoundHttpException: No route found for \"GET /\" at /home/denis/NetBeansProjects/blogapp/app/cache/prod/classes.php:1883, Symfony\\Component\\Routing\\Exception\\ResourceNotFoundException:  at /home/denis/NetBeansProjects/blogapp/app/cache/prod/appProdUrlMatcher.php:30)"} []
[2013-11-09 19:05:29] request.ERROR: Uncaught PHP Exception Symfony\Component\HttpKernel\Exception\NotFoundHttpException: "No route found for "GET /"" at /home/denis/NetBeansProjects/blogapp/app/cache/prod/classes.php line 1883 {"exception":"[object] (Symfony\\Component\\HttpKernel\\Exception\\NotFoundHttpException: No route found for \"GET /\" at /home/denis/NetBeansProjects/blogapp/app/cache/prod/classes.php:1883, Symfony\\Component\\Routing\\Exception\\ResourceNotFoundException:  at /home/denis/NetBeansProjects/blogapp/app/cache/prod/appProdUrlMatcher.php:30)"} []
[2013-11-09 19:10:00] request.ERROR: Uncaught PHP Exception Symfony\Component\HttpKernel\Exception\NotFoundHttpException: "No route found for "GET /posts"" at /home/denis/NetBeansProjects/blogapp/app/cache/prod/classes.php line 1883 {"exception":"[object] (Symfony\\Component\\HttpKernel\\Exception\\NotFoundHttpException: No route found for \"GET /posts\" at /home/denis/NetBeansProjects/blogapp/app/cache/prod/classes.php:1883, Symfony\\Component\\Routing\\Exception\\ResourceNotFoundException:  at /home/denis/NetBeansProjects/blogapp/app/cache/prod/appProdUrlMatcher.php:30)"} []
[2013-11-10 10:34:02] request.ERROR: Uncaught PHP Exception Symfony\Component\HttpKernel\Exception\NotFoundHttpException: "No route found for "POST /posts/add"" at /home/denis/NetBeansProjects/blogapp/app/cache/prod/classes.php line 1883 {"exception":"[object] (Symfony\\Component\\HttpKernel\\Exception\\NotFoundHttpException: No route found for \"POST /posts/add\" at /home/denis/NetBeansProjects/blogapp/app/cache/prod/classes.php:1883, Symfony\\Component\\Routing\\Exception\\ResourceNotFoundException:  at /home/denis/NetBeansProjects/blogapp/app/cache/prod/appProdUrlMatcher.php:30)"} []
[2013-11-10 15:01:30] request.ERROR: Uncaught PHP Exception Symfony\Component\HttpKernel\Exception\NotFoundHttpException: "No route found for "GET /"" at /home/denis/NetBeansProjects/blogapp/app/cache/prod/classes.php line 1883 {"exception":"[object] (Symfony\\Component\\HttpKernel\\Exception\\NotFoundHttpException: No route found for \"GET /\" at /home/denis/NetBeansProjects/blogapp/app/cache/prod/classes.php:1883, Symfony\\Component\\Routing\\Exception\\ResourceNotFoundException:  at /home/denis/NetBeansProjects/blogapp/app/cache/prod/appProdUrlMatcher.php:30)"} []
[2013-11-10 15:01:39] request.ERROR: Uncaught PHP Exception Symfony\Component\HttpKernel\Exception\NotFoundHttpException: "No route found for "GET /"" at /home/denis/NetBeansProjects/blogapp/app/cache/prod/classes.php line 1883 {"exception":"[object] (Symfony\\Component\\HttpKernel\\Exception\\NotFoundHttpException: No route found for \"GET /\" at /home/denis/NetBeansProjects/blogapp/app/cache/prod/classes.php:1883, Symfony\\Component\\Routing\\Exception\\ResourceNotFoundException:  at /home/denis/NetBeansProjects/blogapp/app/cache/prod/appProdUrlMatcher.php:30)"} []
[2013-11-10 15:06:36] request.ERROR: Uncaught PHP Exception Symfony\Component\HttpKernel\Exception\NotFoundHttpException: "No route found for "GET /"" at /home/denis/NetBeansProjects/blogapp/app/cache/prod/classes.php line 1883 {"exception":"[object] (Symfony\\Component\\HttpKernel\\Exception\\NotFoundHttpException: No route found for \"GET /\" at /home/denis/NetBeansProjects/blogapp/app/cache/prod/classes.php:1883, Symfony\\Component\\Routing\\Exception\\ResourceNotFoundException:  at /home/denis/NetBeansProjects/blogapp/app/cache/prod/appProdUrlMatcher.php:30)"} []
[2013-11-10 15:07:22] request.ERROR: Uncaught PHP Exception Symfony\Component\HttpKernel\Exception\NotFoundHttpException: "No route found for "GET /"" at /home/denis/NetBeansProjects/blogapp/app/cache/prod/classes.php line 1883 {"exception":"[object] (Symfony\\Component\\HttpKernel\\Exception\\NotFoundHttpException: No route found for \"GET /\" at /home/denis/NetBeansProjects/blogapp/app/cache/prod/classes.php:1883, Symfony\\Component\\Routing\\Exception\\ResourceNotFoundException:  at /home/denis/NetBeansProjects/blogapp/app/cache/prod/appProdUrlMatcher.php:30)"} []
[2013-11-10 15:10:56] request.ERROR: Uncaught PHP Exception Symfony\Component\HttpKernel\Exception\NotFoundHttpException: "No route found for "GET /"" at /home/denis/NetBeansProjects/blogapp/app/cache/prod/classes.php line 1883 {"exception":"[object] (Symfony\\Component\\HttpKernel\\Exception\\NotFoundHttpException: No route found for \"GET /\" at /home/denis/NetBeansProjects/blogapp/app/cache/prod/classes.php:1883, Symfony\\Component\\Routing\\Exception\\ResourceNotFoundException:  at /home/denis/NetBeansProjects/blogapp/app/cache/prod/appProdUrlMatcher.php:30)"} []
[2013-11-10 15:10:59] request.ERROR: Uncaught PHP Exception Symfony\Component\HttpKernel\Exception\NotFoundHttpException: "No route found for "GET /"" at /home/denis/NetBeansProjects/blogapp/app/cache/prod/classes.php line 1883 {"exception":"[object] (Symfony\\Component\\HttpKernel\\Exception\\NotFoundHttpException: No route found for \"GET /\" at /home/denis/NetBeansProjects/blogapp/app/cache/prod/classes.php:1883, Symfony\\Component\\Routing\\Exception\\ResourceNotFoundException:  at /home/denis/NetBeansProjects/blogapp/app/cache/prod/appProdUrlMatcher.php:30)"} []
[2013-11-10 15:12:04] request.ERROR: Uncaught PHP Exception Symfony\Component\HttpKernel\Exception\NotFoundHttpException: "No route found for "GET /"" at /home/denis/NetBeansProjects/blogapp/app/cache/prod/classes.php line 1883 {"exception":"[object] (Symfony\\Component\\HttpKernel\\Exception\\NotFoundHttpException: No route found for \"GET /\" at /home/denis/NetBeansProjects/blogapp/app/cache/prod/classes.php:1883, Symfony\\Component\\Routing\\Exception\\ResourceNotFoundException:  at /home/denis/NetBeansProjects/blogapp/app/cache/prod/appProdUrlMatcher.php:30)"} []
[2013-11-10 15:12:11] request.ERROR: Uncaught PHP Exception Symfony\Component\HttpKernel\Exception\NotFoundHttpException: "No route found for "GET /"" at /home/denis/NetBeansProjects/blogapp/app/cache/prod/classes.php line 1883 {"exception":"[object] (Symfony\\Component\\HttpKernel\\Exception\\NotFoundHttpException: No route found for \"GET /\" at /home/denis/NetBeansProjects/blogapp/app/cache/prod/classes.php:1883, Symfony\\Component\\Routing\\Exception\\ResourceNotFoundException:  at /home/denis/NetBeansProjects/blogapp/app/cache/prod/appProdUrlMatcher.php:30)"} []
[2013-11-11 11:34:52] request.ERROR: Uncaught PHP Exception Symfony\Component\HttpKernel\Exception\NotFoundHttpException: "No route found for "GET /"" at /home/denis/NetBeansProjects/blogapp/app/cache/prod/classes.php line 1883 {"exception":"[object] (Symfony\\Component\\HttpKernel\\Exception\\NotFoundHttpException: No route found for \"GET /\" at /home/denis/NetBeansProjects/blogapp/app/cache/prod/classes.php:1883, Symfony\\Component\\Routing\\Exception\\ResourceNotFoundException:  at /home/denis/NetBeansProjects/blogapp/app/cache/prod/appProdUrlMatcher.php:30)"} []
[2013-11-11 11:35:03] request.ERROR: Uncaught PHP Exception Symfony\Component\HttpKernel\Exception\NotFoundHttpException: "No route found for "GET /"" at /home/denis/NetBeansProjects/blogapp/app/cache/prod/classes.php line 1883 {"exception":"[object] (Symfony\\Component\\HttpKernel\\Exception\\NotFoundHttpException: No route found for \"GET /\" at /home/denis/NetBeansProjects/blogapp/app/cache/prod/classes.php:1883, Symfony\\Component\\Routing\\Exception\\ResourceNotFoundException:  at /home/denis/NetBeansProjects/blogapp/app/cache/prod/appProdUrlMatcher.php:30)"} []
[2013-11-11 11:35:32] request.ERROR: Uncaught PHP Exception Symfony\Component\HttpKernel\Exception\NotFoundHttpException: "No route found for "GET /"" at /home/denis/NetBeansProjects/blogapp/app/cache/prod/classes.php line 1883 {"exception":"[object] (Symfony\\Component\\HttpKernel\\Exception\\NotFoundHttpException: No route found for \"GET /\" at /home/denis/NetBeansProjects/blogapp/app/cache/prod/classes.php:1883, Symfony\\Component\\Routing\\Exception\\ResourceNotFoundException:  at /home/denis/NetBeansProjects/blogapp/app/cache/prod/appProdUrlMatcher.php:30)"} []
[2013-11-11 11:35:36] request.ERROR: Uncaught PHP Exception Symfony\Component\HttpKernel\Exception\NotFoundHttpException: "No route found for "GET /"" at /home/denis/NetBeansProjects/blogapp/app/cache/prod/classes.php line 1883 {"exception":"[object] (Symfony\\Component\\HttpKernel\\Exception\\NotFoundHttpException: No route found for \"GET /\" at /home/denis/NetBeansProjects/blogapp/app/cache/prod/classes.php:1883, Symfony\\Component\\Routing\\Exception\\ResourceNotFoundException:  at /home/denis/NetBeansProjects/blogapp/app/cache/prod/appProdUrlMatcher.php:30)"} []
[2013-11-11 11:35:46] request.ERROR: Uncaught PHP Exception Symfony\Component\HttpKernel\Exception\NotFoundHttpException: "No route found for "GET /posts"" at /home/denis/NetBeansProjects/blogapp/app/cache/prod/classes.php line 1883 {"exception":"[object] (Symfony\\Component\\HttpKernel\\Exception\\NotFoundHttpException: No route found for \"GET /posts\" at /home/denis/NetBeansProjects/blogapp/app/cache/prod/classes.php:1883, Symfony\\Component\\Routing\\Exception\\ResourceNotFoundException:  at /home/denis/NetBeansProjects/blogapp/app/cache/prod/appProdUrlMatcher.php:30)"} []
[2013-11-11 11:35:57] request.ERROR: Uncaught PHP Exception Symfony\Component\HttpKernel\Exception\NotFoundHttpException: "No route found for "GET /posts"" at /home/denis/NetBeansProjects/blogapp/app/cache/prod/classes.php line 1883 {"exception":"[object] (Symfony\\Component\\HttpKernel\\Exception\\NotFoundHttpException: No route found for \"GET /posts\" at /home/denis/NetBeansProjects/blogapp/app/cache/prod/classes.php:1883, Symfony\\Component\\Routing\\Exception\\ResourceNotFoundException:  at /home/denis/NetBeansProjects/blogapp/app/cache/prod/appProdUrlMatcher.php:30)"} []
[2013-11-11 11:36:59] request.ERROR: Uncaught PHP Exception Symfony\Component\HttpKernel\Exception\NotFoundHttpException: "No route found for "GET /posts"" at /home/denis/NetBeansProjects/blogapp/app/cache/prod/classes.php line 1883 {"exception":"[object] (Symfony\\Component\\HttpKernel\\Exception\\NotFoundHttpException: No route found for \"GET /posts\" at /home/denis/NetBeansProjects/blogapp/app/cache/prod/classes.php:1883, Symfony\\Component\\Routing\\Exception\\ResourceNotFoundException:  at /home/denis/NetBeansProjects/blogapp/app/cache/prod/appProdUrlMatcher.php:30)"} []
[2013-11-11 11:37:21] request.ERROR: Uncaught PHP Exception Symfony\Component\HttpKernel\Exception\NotFoundHttpException: "No route found for "GET /posts"" at /home/denis/NetBeansProjects/blogapp/app/cache/prod/classes.php line 1883 {"exception":"[object] (Symfony\\Component\\HttpKernel\\Exception\\NotFoundHttpException: No route found for \"GET /posts\" at /home/denis/NetBeansProjects/blogapp/app/cache/prod/classes.php:1883, Symfony\\Component\\Routing\\Exception\\ResourceNotFoundException:  at /home/denis/NetBeansProjects/blogapp/app/cache/prod/appProdUrlMatcher.php:30)"} []
[2013-11-11 11:37:49] request.ERROR: Uncaught PHP Exception Symfony\Component\HttpKernel\Exception\NotFoundHttpException: "No route found for "GET /posts"" at /home/denis/NetBeansProjects/blogapp/app/cache/prod/classes.php line 1883 {"exception":"[object] (Symfony\\Component\\HttpKernel\\Exception\\NotFoundHttpException: No route found for \"GET /posts\" at /home/denis/NetBeansProjects/blogapp/app/cache/prod/classes.php:1883, Symfony\\Component\\Routing\\Exception\\ResourceNotFoundException:  at /home/denis/NetBeansProjects/blogapp/app/cache/prod/appProdUrlMatcher.php:30)"} []
[2013-11-11 13:07:57] event.DEBUG: Notified event "kernel.request" to listener "Symfony\Bundle\FrameworkBundle\EventListener\SessionListener::onKernelRequest". [] []
[2013-11-11 13:07:57] event.DEBUG: Notified event "kernel.request" to listener "Symfony\Component\HttpKernel\EventListener\FragmentListener::onKernelRequest". [] []
[2013-11-11 13:07:57] event.DEBUG: Notified event "kernel.request" to listener "Symfony\Component\HttpKernel\EventListener\RouterListener::onKernelRequest". [] []
[2013-11-11 13:07:57] request.INFO: Matched route "blog_homepage" (parameters: "_controller": "Blogger\BlogBundle\Controller\PostController::indexAction", "_route": "blog_homepage") [] []
[2013-11-11 13:07:57] event.DEBUG: Notified event "kernel.request" to listener "Symfony\Component\HttpKernel\EventListener\LocaleListener::onKernelRequest". [] []
[2013-11-11 13:07:57] event.DEBUG: Notified event "kernel.request" to listener "Symfony\Component\Security\Http\Firewall::onKernelRequest". [] []
[2013-11-11 13:07:57] event.DEBUG: Notified event "kernel.request" to listener "Symfony\Component\HttpKernel\EventListener\ErrorsLoggerListener::injectLogger". [] []
[2013-11-11 13:07:57] event.DEBUG: Notified event "kernel.request" to listener "Symfony\Component\HttpKernel\EventListener\ErrorsLoggerListener::injectLogger". [] []
[2013-11-11 13:07:57] event.DEBUG: Notified event "kernel.controller" to listener "Sensio\Bundle\FrameworkExtraBundle\EventListener\ControllerListener::onKernelController". [] []
[2013-11-11 13:07:57] event.DEBUG: Notified event "kernel.controller" to listener "Sensio\Bundle\FrameworkExtraBundle\EventListener\ParamConverterListener::onKernelController". [] []
[2013-11-11 13:07:57] event.DEBUG: Notified event "kernel.controller" to listener "Sensio\Bundle\FrameworkExtraBundle\EventListener\TemplateListener::onKernelController". [] []
[2013-11-11 13:07:57] doctrine.DEBUG: SELECT t0.id AS id1, t0.username AS username2, t0.useremail AS useremail3, t0.message AS message4, t0.created_at AS created_at5, t0.updated_at AS updated_at6 FROM post t0 [] []
[2013-11-11 13:07:57] event.DEBUG: Notified event "kernel.exception" to listener "Symfony\Component\HttpKernel\EventListener\ExceptionListener::onKernelException". [] []
[2013-11-11 13:07:57] request.CRITICAL: Uncaught PHP Exception Twig_Error_Runtime: "Method "name" for object "Symfony\Component\Form\FormView" does not exist in "BlogBundle:Post:index.html.twig" at line 15" at /home/denis/NetBeansProjects/blogapp/app/cache/prod/classes.php line 4509 {"exception":"[object] (Twig_Error_Runtime: Method \"name\" for object \"Symfony\\Component\\Form\\FormView\" does not exist in \"BlogBundle:Post:index.html.twig\" at line 15 at /home/denis/NetBeansProjects/blogapp/app/cache/prod/classes.php:4509)"} []
[2013-11-11 13:07:57] event.DEBUG: Notified event "kernel.request" to listener "Symfony\Bundle\FrameworkBundle\EventListener\SessionListener::onKernelRequest". [] []
[2013-11-11 13:07:57] event.DEBUG: Notified event "kernel.request" to listener "Symfony\Component\HttpKernel\EventListener\FragmentListener::onKernelRequest". [] []
[2013-11-11 13:07:57] event.DEBUG: Notified event "kernel.request" to listener "Symfony\Component\HttpKernel\EventListener\RouterListener::onKernelRequest". [] []
[2013-11-11 13:07:57] event.DEBUG: Notified event "kernel.request" to listener "Symfony\Component\HttpKernel\EventListener\LocaleListener::onKernelRequest". [] []
[2013-11-11 13:07:57] event.DEBUG: Notified event "kernel.request" to listener "Symfony\Component\Security\Http\Firewall::onKernelRequest". [] []
[2013-11-11 13:07:57] event.DEBUG: Notified event "kernel.request" to listener "Symfony\Component\HttpKernel\EventListener\ErrorsLoggerListener::injectLogger". [] []
[2013-11-11 13:07:57] event.DEBUG: Notified event "kernel.request" to listener "Symfony\Component\HttpKernel\EventListener\ErrorsLoggerListener::injectLogger". [] []
[2013-11-11 13:07:57] event.DEBUG: Notified event "kernel.controller" to listener "Sensio\Bundle\FrameworkExtraBundle\EventListener\ControllerListener::onKernelController". [] []
[2013-11-11 13:07:57] event.DEBUG: Notified event "kernel.controller" to listener "Sensio\Bundle\FrameworkExtraBundle\EventListener\ParamConverterListener::onKernelController". [] []
[2013-11-11 13:07:57] event.DEBUG: Notified event "kernel.controller" to listener "Sensio\Bundle\FrameworkExtraBundle\EventListener\TemplateListener::onKernelController". [] []
[2013-11-11 13:07:58] event.DEBUG: Notified event "kernel.response" to listener "Symfony\Component\HttpKernel\EventListener\ResponseListener::onKernelResponse". [] []
[2013-11-11 13:07:58] event.DEBUG: Notified event "kernel.response" to listener "Symfony\Component\Security\Http\RememberMe\ResponseListener::onKernelResponse". [] []
[2013-11-11 13:07:58] event.DEBUG: Notified event "kernel.response" to listener "Sensio\Bundle\FrameworkExtraBundle\EventListener\CacheListener::onKernelResponse". [] []
[2013-11-11 13:07:58] event.DEBUG: Notified event "kernel.response" to listener "Symfony\Component\HttpKernel\EventListener\StreamedResponseListener::onKernelResponse". [] []
[2013-11-11 13:07:58] event.DEBUG: Listener "Symfony\Component\HttpKernel\EventListener\ExceptionListener::onKernelException" stopped propagation of the event "kernel.exception". [] []
[2013-11-11 13:07:58] event.DEBUG: Notified event "kernel.response" to listener "Symfony\Component\HttpKernel\EventListener\ResponseListener::onKernelResponse". [] []
[2013-11-11 13:07:58] event.DEBUG: Notified event "kernel.response" to listener "Symfony\Component\Security\Http\RememberMe\ResponseListener::onKernelResponse". [] []
[2013-11-11 13:07:58] event.DEBUG: Notified event "kernel.response" to listener "Sensio\Bundle\FrameworkExtraBundle\EventListener\CacheListener::onKernelResponse". [] []
[2013-11-11 13:07:58] event.DEBUG: Notified event "kernel.response" to listener "Symfony\Component\HttpKernel\EventListener\StreamedResponseListener::onKernelResponse". [] []
[2013-11-11 13:07:58] event.DEBUG: Notified event "kernel.terminate" to listener "Symfony\Bundle\SwiftmailerBundle\EventListener\EmailSenderListener::onKernelTerminate". [] []
[2013-11-11 13:08:28] event.DEBUG: Notified event "kernel.request" to listener "Symfony\Bundle\FrameworkBundle\EventListener\SessionListener::onKernelRequest". [] []
[2013-11-11 13:08:28] event.DEBUG: Notified event "kernel.request" to listener "Symfony\Component\HttpKernel\EventListener\FragmentListener::onKernelRequest". [] []
[2013-11-11 13:08:28] event.DEBUG: Notified event "kernel.request" to listener "Symfony\Component\HttpKernel\EventListener\RouterListener::onKernelRequest". [] []
[2013-11-11 13:08:28] request.INFO: Matched route "blog_homepage" (parameters: "_controller": "Blogger\BlogBundle\Controller\PostController::indexAction", "_route": "blog_homepage") [] []
[2013-11-11 13:08:28] event.DEBUG: Notified event "kernel.request" to listener "Symfony\Component\HttpKernel\EventListener\LocaleListener::onKernelRequest". [] []
[2013-11-11 13:08:28] event.DEBUG: Notified event "kernel.request" to listener "Symfony\Component\Security\Http\Firewall::onKernelRequest". [] []
[2013-11-11 13:08:28] event.DEBUG: Notified event "kernel.request" to listener "Symfony\Component\HttpKernel\EventListener\ErrorsLoggerListener::injectLogger". [] []
[2013-11-11 13:08:28] event.DEBUG: Notified event "kernel.request" to listener "Symfony\Component\HttpKernel\EventListener\ErrorsLoggerListener::injectLogger". [] []
[2013-11-11 13:08:28] event.DEBUG: Notified event "kernel.controller" to listener "Sensio\Bundle\FrameworkExtraBundle\EventListener\ControllerListener::onKernelController". [] []
[2013-11-11 13:08:28] event.DEBUG: Notified event "kernel.controller" to listener "Sensio\Bundle\FrameworkExtraBundle\EventListener\ParamConverterListener::onKernelController". [] []
[2013-11-11 13:08:28] event.DEBUG: Notified event "kernel.controller" to listener "Sensio\Bundle\FrameworkExtraBundle\EventListener\TemplateListener::onKernelController". [] []
[2013-11-11 13:08:28] doctrine.DEBUG: SELECT t0.id AS id1, t0.username AS username2, t0.useremail AS useremail3, t0.message AS message4, t0.created_at AS created_at5, t0.updated_at AS updated_at6 FROM post t0 [] []
[2013-11-11 13:08:28] event.DEBUG: Notified event "kernel.exception" to listener "Symfony\Component\HttpKernel\EventListener\ExceptionListener::onKernelException". [] []
[2013-11-11 13:08:28] request.CRITICAL: Uncaught PHP Exception Twig_Error_Runtime: "Method "post" for object "Symfony\Component\Form\FormView" does not exist in "BlogBundle:Post:index.html.twig" at line 15" at /home/denis/NetBeansProjects/blogapp/app/cache/prod/classes.php line 4509 {"exception":"[object] (Twig_Error_Runtime: Method \"post\" for object \"Symfony\\Component\\Form\\FormView\" does not exist in \"BlogBundle:Post:index.html.twig\" at line 15 at /home/denis/NetBeansProjects/blogapp/app/cache/prod/classes.php:4509)"} []
[2013-11-11 13:08:28] event.DEBUG: Notified event "kernel.request" to listener "Symfony\Bundle\FrameworkBundle\EventListener\SessionListener::onKernelRequest". [] []
[2013-11-11 13:08:28] event.DEBUG: Notified event "kernel.request" to listener "Symfony\Component\HttpKernel\EventListener\FragmentListener::onKernelRequest". [] []
[2013-11-11 13:08:28] event.DEBUG: Notified event "kernel.request" to listener "Symfony\Component\HttpKernel\EventListener\RouterListener::onKernelRequest". [] []
[2013-11-11 13:08:28] event.DEBUG: Notified event "kernel.request" to listener "Symfony\Component\HttpKernel\EventListener\LocaleListener::onKernelRequest". [] []
[2013-11-11 13:08:28] event.DEBUG: Notified event "kernel.request" to listener "Symfony\Component\Security\Http\Firewall::onKernelRequest". [] []
[2013-11-11 13:08:28] event.DEBUG: Notified event "kernel.request" to listener "Symfony\Component\HttpKernel\EventListener\ErrorsLoggerListener::injectLogger". [] []
[2013-11-11 13:08:28] event.DEBUG: Notified event "kernel.request" to listener "Symfony\Component\HttpKernel\EventListener\ErrorsLoggerListener::injectLogger". [] []
[2013-11-11 13:08:28] event.DEBUG: Notified event "kernel.controller" to listener "Sensio\Bundle\FrameworkExtraBundle\EventListener\ControllerListener::onKernelController". [] []
[2013-11-11 13:08:28] event.DEBUG: Notified event "kernel.controller" to listener "Sensio\Bundle\FrameworkExtraBundle\EventListener\ParamConverterListener::onKernelController". [] []
[2013-11-11 13:08:28] event.DEBUG: Notified event "kernel.controller" to listener "Sensio\Bundle\FrameworkExtraBundle\EventListener\TemplateListener::onKernelController". [] []
[2013-11-11 13:08:28] event.DEBUG: Notified event "kernel.response" to listener "Symfony\Component\HttpKernel\EventListener\ResponseListener::onKernelResponse". [] []
[2013-11-11 13:08:28] event.DEBUG: Notified event "kernel.response" to listener "Symfony\Component\Security\Http\RememberMe\ResponseListener::onKernelResponse". [] []
[2013-11-11 13:08:28] event.DEBUG: Notified event "kernel.response" to listener "Sensio\Bundle\FrameworkExtraBundle\EventListener\CacheListener::onKernelResponse". [] []
[2013-11-11 13:08:28] event.DEBUG: Notified event "kernel.response" to listener "Symfony\Component\HttpKernel\EventListener\StreamedResponseListener::onKernelResponse". [] []
[2013-11-11 13:08:28] event.DEBUG: Listener "Symfony\Component\HttpKernel\EventListener\ExceptionListener::onKernelException" stopped propagation of the event "kernel.exception". [] []
[2013-11-11 13:08:28] event.DEBUG: Notified event "kernel.response" to listener "Symfony\Component\HttpKernel\EventListener\ResponseListener::onKernelResponse". [] []
[2013-11-11 13:08:28] event.DEBUG: Notified event "kernel.response" to listener "Symfony\Component\Security\Http\RememberMe\ResponseListener::onKernelResponse". [] []
[2013-11-11 13:08:28] event.DEBUG: Notified event "kernel.response" to listener "Sensio\Bundle\FrameworkExtraBundle\EventListener\CacheListener::onKernelResponse". [] []
[2013-11-11 13:08:28] event.DEBUG: Notified event "kernel.response" to listener "Symfony\Component\HttpKernel\EventListener\StreamedResponseListener::onKernelResponse". [] []
[2013-11-11 13:08:28] event.DEBUG: Notified event "kernel.terminate" to listener "Symfony\Bundle\SwiftmailerBundle\EventListener\EmailSenderListener::onKernelTerminate". [] []
[2013-11-11 13:09:22] event.DEBUG: Notified event "kernel.request" to listener "Symfony\Bundle\FrameworkBundle\EventListener\SessionListener::onKernelRequest". [] []
[2013-11-11 13:09:22] event.DEBUG: Notified event "kernel.request" to listener "Symfony\Component\HttpKernel\EventListener\FragmentListener::onKernelRequest". [] []
[2013-11-11 13:09:22] event.DEBUG: Notified event "kernel.request" to listener "Symfony\Component\HttpKernel\EventListener\RouterListener::onKernelRequest". [] []
[2013-11-11 13:09:22] request.INFO: Matched route "blog_homepage" (parameters: "_controller": "Blogger\BlogBundle\Controller\PostController::indexAction", "_route": "blog_homepage") [] []
[2013-11-11 13:09:22] event.DEBUG: Notified event "kernel.request" to listener "Symfony\Component\HttpKernel\EventListener\LocaleListener::onKernelRequest". [] []
[2013-11-11 13:09:22] event.DEBUG: Notified event "kernel.request" to listener "Symfony\Component\Security\Http\Firewall::onKernelRequest". [] []
[2013-11-11 13:09:22] event.DEBUG: Notified event "kernel.request" to listener "Symfony\Component\HttpKernel\EventListener\ErrorsLoggerListener::injectLogger". [] []
[2013-11-11 13:09:22] event.DEBUG: Notified event "kernel.request" to listener "Symfony\Component\HttpKernel\EventListener\ErrorsLoggerListener::injectLogger". [] []
[2013-11-11 13:09:22] event.DEBUG: Notified event "kernel.controller" to listener "Sensio\Bundle\FrameworkExtraBundle\EventListener\ControllerListener::onKernelController". [] []
[2013-11-11 13:09:22] event.DEBUG: Notified event "kernel.controller" to listener "Sensio\Bundle\FrameworkExtraBundle\EventListener\ParamConverterListener::onKernelController". [] []
[2013-11-11 13:09:22] event.DEBUG: Notified event "kernel.controller" to listener "Sensio\Bundle\FrameworkExtraBundle\EventListener\TemplateListener::onKernelController". [] []
[2013-11-11 13:09:22] doctrine.DEBUG: SELECT t0.id AS id1, t0.username AS username2, t0.useremail AS useremail3, t0.message AS message4, t0.created_at AS created_at5, t0.updated_at AS updated_at6 FROM post t0 [] []
[2013-11-11 13:09:22] event.DEBUG: Notified event "kernel.exception" to listener "Symfony\Component\HttpKernel\EventListener\ExceptionListener::onKernelException". [] []
[2013-11-11 13:09:22] request.CRITICAL: Uncaught PHP Exception Twig_Error_Runtime: "Method "name" for object "Symfony\Component\Form\FormView" does not exist in "BlogBundle:Post:index.html.twig" at line 15" at /home/denis/NetBeansProjects/blogapp/app/cache/prod/classes.php line 4509 {"exception":"[object] (Twig_Error_Runtime: Method \"name\" for object \"Symfony\\Component\\Form\\FormView\" does not exist in \"BlogBundle:Post:index.html.twig\" at line 15 at /home/denis/NetBeansProjects/blogapp/app/cache/prod/classes.php:4509)"} []
[2013-11-11 13:09:22] event.DEBUG: Notified event "kernel.request" to listener "Symfony\Bundle\FrameworkBundle\EventListener\SessionListener::onKernelRequest". [] []
[2013-11-11 13:09:22] event.DEBUG: Notified event "kernel.request" to listener "Symfony\Component\HttpKernel\EventListener\FragmentListener::onKernelRequest". [] []
[2013-11-11 13:09:22] event.DEBUG: Notified event "kernel.request" to listener "Symfony\Component\HttpKernel\EventListener\RouterListener::onKernelRequest". [] []
[2013-11-11 13:09:22] event.DEBUG: Notified event "kernel.request" to listener "Symfony\Component\HttpKernel\EventListener\LocaleListener::onKernelRequest". [] []
[2013-11-11 13:09:22] event.DEBUG: Notified event "kernel.request" to listener "Symfony\Component\Security\Http\Firewall::onKernelRequest". [] []
[2013-11-11 13:09:22] event.DEBUG: Notified event "kernel.request" to listener "Symfony\Component\HttpKernel\EventListener\ErrorsLoggerListener::injectLogger". [] []
[2013-11-11 13:09:22] event.DEBUG: Notified event "kernel.request" to listener "Symfony\Component\HttpKernel\EventListener\ErrorsLoggerListener::injectLogger". [] []
[2013-11-11 13:09:22] event.DEBUG: Notified event "kernel.controller" to listener "Sensio\Bundle\FrameworkExtraBundle\EventListener\ControllerListener::onKernelController". [] []
[2013-11-11 13:09:22] event.DEBUG: Notified event "kernel.controller" to listener "Sensio\Bundle\FrameworkExtraBundle\EventListener\ParamConverterListener::onKernelController". [] []
[2013-11-11 13:09:22] event.DEBUG: Notified event "kernel.controller" to listener "Sensio\Bundle\FrameworkExtraBundle\EventListener\TemplateListener::onKernelController". [] []
[2013-11-11 13:09:22] event.DEBUG: Notified event "kernel.response" to listener "Symfony\Component\HttpKernel\EventListener\ResponseListener::onKernelResponse". [] []
[2013-11-11 13:09:22] event.DEBUG: Notified event "kernel.response" to listener "Symfony\Component\Security\Http\RememberMe\ResponseListener::onKernelResponse". [] []
[2013-11-11 13:09:22] event.DEBUG: Notified event "kernel.response" to listener "Sensio\Bundle\FrameworkExtraBundle\EventListener\CacheListener::onKernelResponse". [] []
[2013-11-11 13:09:22] event.DEBUG: Notified event "kernel.response" to listener "Symfony\Component\HttpKernel\EventListener\StreamedResponseListener::onKernelResponse". [] []
[2013-11-11 13:09:22] event.DEBUG: Listener "Symfony\Component\HttpKernel\EventListener\ExceptionListener::onKernelException" stopped propagation of the event "kernel.exception". [] []
[2013-11-11 13:09:22] event.DEBUG: Notified event "kernel.response" to listener "Symfony\Component\HttpKernel\EventListener\ResponseListener::onKernelResponse". [] []
[2013-11-11 13:09:22] event.DEBUG: Notified event "kernel.response" to listener "Symfony\Component\Security\Http\RememberMe\ResponseListener::onKernelResponse". [] []
[2013-11-11 13:09:22] event.DEBUG: Notified event "kernel.response" to listener "Sensio\Bundle\FrameworkExtraBundle\EventListener\CacheListener::onKernelResponse". [] []
[2013-11-11 13:09:22] event.DEBUG: Notified event "kernel.response" to listener "Symfony\Component\HttpKernel\EventListener\StreamedResponseListener::onKernelResponse". [] []
[2013-11-11 13:09:22] event.DEBUG: Notified event "kernel.terminate" to listener "Symfony\Bundle\SwiftmailerBundle\EventListener\EmailSenderListener::onKernelTerminate". [] []
[2013-11-11 13:29:43] event.DEBUG: Notified event "kernel.request" to listener "Symfony\Bundle\FrameworkBundle\EventListener\SessionListener::onKernelRequest". [] []
[2013-11-11 13:29:43] event.DEBUG: Notified event "kernel.request" to listener "Symfony\Component\HttpKernel\EventListener\FragmentListener::onKernelRequest". [] []
[2013-11-11 13:29:43] event.DEBUG: Notified event "kernel.request" to listener "Symfony\Component\HttpKernel\EventListener\RouterListener::onKernelRequest". [] []
[2013-11-11 13:29:43] request.INFO: Matched route "blog_homepage" (parameters: "_controller": "Blogger\BlogBundle\Controller\PostController::indexAction", "_route": "blog_homepage") [] []
[2013-11-11 13:29:43] event.DEBUG: Notified event "kernel.request" to listener "Symfony\Component\HttpKernel\EventListener\LocaleListener::onKernelRequest". [] []
[2013-11-11 13:29:43] event.DEBUG: Notified event "kernel.request" to listener "Symfony\Component\Security\Http\Firewall::onKernelRequest". [] []
[2013-11-11 13:29:43] event.DEBUG: Notified event "kernel.request" to listener "Symfony\Component\HttpKernel\EventListener\ErrorsLoggerListener::injectLogger". [] []
[2013-11-11 13:29:43] event.DEBUG: Notified event "kernel.request" to listener "Symfony\Component\HttpKernel\EventListener\ErrorsLoggerListener::injectLogger". [] []
[2013-11-11 13:29:43] event.DEBUG: Notified event "kernel.controller" to listener "Sensio\Bundle\FrameworkExtraBundle\EventListener\ControllerListener::onKernelController". [] []
[2013-11-11 13:29:43] event.DEBUG: Notified event "kernel.controller" to listener "Sensio\Bundle\FrameworkExtraBundle\EventListener\ParamConverterListener::onKernelController". [] []
[2013-11-11 13:29:43] event.DEBUG: Notified event "kernel.controller" to listener "Sensio\Bundle\FrameworkExtraBundle\EventListener\TemplateListener::onKernelController". [] []
[2013-11-11 13:29:43] doctrine.DEBUG: SELECT t0.id AS id1, t0.username AS username2, t0.useremail AS useremail3, t0.message AS message4, t0.created_at AS created_at5, t0.updated_at AS updated_at6 FROM post t0 [] []
[2013-11-11 13:29:43] event.DEBUG: Notified event "kernel.exception" to listener "Symfony\Component\HttpKernel\EventListener\ExceptionListener::onKernelException". [] []
[2013-11-11 13:29:43] request.CRITICAL: Uncaught PHP Exception Symfony\Component\OptionsResolver\Exception\InvalidOptionsException: "The options "cols", "rows" do not exist. Known options are: "action", "attr", "auto_initialize", "block_name", "by_reference", "cascade_validation", "compound", "constraints", "csrf_field_name", "csrf_message", "csrf_protection", "csrf_provider", "data", "data_class", "disabled", "empty_data", "error_bubbling", "error_mapping", "extra_fields_message", "inherit_data", "intention", "invalid_message", "invalid_message_parameters", "label", "label_attr", "mapped", "max_length", "method", "pattern", "post_max_size_message", "property_path", "read_only", "required", "translation_domain", "trim", "validation_groups", "virtual"" at /home/denis/NetBeansProjects/blogapp/vendor/symfony/symfony/src/Symfony/Component/OptionsResolver/OptionsResolver.php line 255 {"exception":"[object] (Symfony\\Component\\OptionsResolver\\Exception\\InvalidOptionsException: The options \"cols\", \"rows\" do not exist. Known options are: \"action\", \"attr\", \"auto_initialize\", \"block_name\", \"by_reference\", \"cascade_validation\", \"compound\", \"constraints\", \"csrf_field_name\", \"csrf_message\", \"csrf_protection\", \"csrf_provider\", \"data\", \"data_class\", \"disabled\", \"empty_data\", \"error_bubbling\", \"error_mapping\", \"extra_fields_message\", \"inherit_data\", \"intention\", \"invalid_message\", \"invalid_message_parameters\", \"label\", \"label_attr\", \"mapped\", \"max_length\", \"method\", \"pattern\", \"post_max_size_message\", \"property_path\", \"read_only\", \"required\", \"translation_domain\", \"trim\", \"validation_groups\", \"virtual\" at /home/denis/NetBeansProjects/blogapp/vendor/symfony/symfony/src/Symfony/Component/OptionsResolver/OptionsResolver.php:255)"} []
[2013-11-11 13:29:43] event.DEBUG: Notified event "kernel.request" to listener "Symfony\Bundle\FrameworkBundle\EventListener\SessionListener::onKernelRequest". [] []
[2013-11-11 13:29:43] event.DEBUG: Notified event "kernel.request" to listener "Symfony\Component\HttpKernel\EventListener\FragmentListener::onKernelRequest". [] []
[2013-11-11 13:29:43] event.DEBUG: Notified event "kernel.request" to listener "Symfony\Component\HttpKernel\EventListener\RouterListener::onKernelRequest". [] []
[2013-11-11 13:29:43] event.DEBUG: Notified event "kernel.request" to listener "Symfony\Component\HttpKernel\EventListener\LocaleListener::onKernelRequest". [] []
[2013-11-11 13:29:43] event.DEBUG: Notified event "kernel.request" to listener "Symfony\Component\Security\Http\Firewall::onKernelRequest". [] []
[2013-11-11 13:29:43] event.DEBUG: Notified event "kernel.request" to listener "Symfony\Component\HttpKernel\EventListener\ErrorsLoggerListener::injectLogger". [] []
[2013-11-11 13:29:43] event.DEBUG: Notified event "kernel.request" to listener "Symfony\Component\HttpKernel\EventListener\ErrorsLoggerListener::injectLogger". [] []
[2013-11-11 13:29:43] event.DEBUG: Notified event "kernel.controller" to listener "Sensio\Bundle\FrameworkExtraBundle\EventListener\ControllerListener::onKernelController". [] []
[2013-11-11 13:29:43] event.DEBUG: Notified event "kernel.controller" to listener "Sensio\Bundle\FrameworkExtraBundle\EventListener\ParamConverterListener::onKernelController". [] []
[2013-11-11 13:29:43] event.DEBUG: Notified event "kernel.controller" to listener "Sensio\Bundle\FrameworkExtraBundle\EventListener\TemplateListener::onKernelController". [] []
[2013-11-11 13:29:43] event.DEBUG: Notified event "kernel.response" to listener "Symfony\Component\HttpKernel\EventListener\ResponseListener::onKernelResponse". [] []
[2013-11-11 13:29:43] event.DEBUG: Notified event "kernel.response" to listener "Symfony\Component\Security\Http\RememberMe\ResponseListener::onKernelResponse". [] []
[2013-11-11 13:29:43] event.DEBUG: Notified event "kernel.response" to listener "Sensio\Bundle\FrameworkExtraBundle\EventListener\CacheListener::onKernelResponse". [] []
[2013-11-11 13:29:43] event.DEBUG: Notified event "kernel.response" to listener "Symfony\Component\HttpKernel\EventListener\StreamedResponseListener::onKernelResponse". [] []
[2013-11-11 13:29:43] event.DEBUG: Listener "Symfony\Component\HttpKernel\EventListener\ExceptionListener::onKernelException" stopped propagation of the event "kernel.exception". [] []
[2013-11-11 13:29:43] event.DEBUG: Notified event "kernel.response" to listener "Symfony\Component\HttpKernel\EventListener\ResponseListener::onKernelResponse". [] []
[2013-11-11 13:29:43] event.DEBUG: Notified event "kernel.response" to listener "Symfony\Component\Security\Http\RememberMe\ResponseListener::onKernelResponse". [] []
[2013-11-11 13:29:43] event.DEBUG: Notified event "kernel.response" to listener "Sensio\Bundle\FrameworkExtraBundle\EventListener\CacheListener::onKernelResponse". [] []
[2013-11-11 13:29:43] event.DEBUG: Notified event "kernel.response" to listener "Symfony\Component\HttpKernel\EventListener\StreamedResponseListener::onKernelResponse". [] []
[2013-11-11 13:29:43] event.DEBUG: Notified event "kernel.terminate" to listener "Symfony\Bundle\SwiftmailerBundle\EventListener\EmailSenderListener::onKernelTerminate". [] []
[2013-11-11 15:02:30] event.DEBUG: Notified event "kernel.request" to listener "Symfony\Bundle\FrameworkBundle\EventListener\SessionListener::onKernelRequest". [] []
[2013-11-11 15:02:30] event.DEBUG: Notified event "kernel.request" to listener "Symfony\Component\HttpKernel\EventListener\FragmentListener::onKernelRequest". [] []
[2013-11-11 15:02:30] event.DEBUG: Notified event "kernel.request" to listener "Symfony\Component\HttpKernel\EventListener\RouterListener::onKernelRequest". [] []
[2013-11-11 15:02:30] request.INFO: Matched route "blog_homepage" (parameters: "_controller": "Blogger\BlogBundle\Controller\PostController::indexAction", "_route": "blog_homepage") [] []
[2013-11-11 15:02:30] event.DEBUG: Notified event "kernel.request" to listener "Symfony\Component\HttpKernel\EventListener\LocaleListener::onKernelRequest". [] []
[2013-11-11 15:02:30] event.DEBUG: Notified event "kernel.request" to listener "Symfony\Component\Security\Http\Firewall::onKernelRequest". [] []
[2013-11-11 15:02:30] event.DEBUG: Notified event "kernel.request" to listener "Symfony\Component\HttpKernel\EventListener\ErrorsLoggerListener::injectLogger". [] []
[2013-11-11 15:02:30] event.DEBUG: Notified event "kernel.request" to listener "Symfony\Component\HttpKernel\EventListener\ErrorsLoggerListener::injectLogger". [] []
[2013-11-11 15:02:30] event.DEBUG: Notified event "kernel.controller" to listener "Sensio\Bundle\FrameworkExtraBundle\EventListener\ControllerListener::onKernelController". [] []
[2013-11-11 15:02:30] event.DEBUG: Notified event "kernel.controller" to listener "Sensio\Bundle\FrameworkExtraBundle\EventListener\ParamConverterListener::onKernelController". [] []
[2013-11-11 15:02:30] event.DEBUG: Notified event "kernel.controller" to listener "Sensio\Bundle\FrameworkExtraBundle\EventListener\TemplateListener::onKernelController". [] []
[2013-11-11 15:02:30] doctrine.DEBUG: SELECT t0.id AS id1, t0.username AS username2, t0.useremail AS useremail3, t0.message AS message4, t0.created_at AS created_at5, t0.updated_at AS updated_at6 FROM post t0 [] []
[2013-11-11 15:02:30] event.DEBUG: Notified event "kernel.exception" to listener "Symfony\Component\HttpKernel\EventListener\ExceptionListener::onKernelException". [] []
[2013-11-11 15:02:30] request.CRITICAL: Uncaught PHP Exception Symfony\Component\DependencyInjection\Exception\InvalidArgumentException: "The parameter "en" must be defined." at /home/denis/NetBeansProjects/blogapp/app/cache/prod/appProdDebugProjectContainer.php line 2951 {"exception":"[object] (Symfony\\Component\\DependencyInjection\\Exception\\InvalidArgumentException: The parameter \"en\" must be defined. at /home/denis/NetBeansProjects/blogapp/app/cache/prod/appProdDebugProjectContainer.php:2951)"} []
[2013-11-11 15:02:30] event.DEBUG: Notified event "kernel.request" to listener "Symfony\Bundle\FrameworkBundle\EventListener\SessionListener::onKernelRequest". [] []
[2013-11-11 15:02:30] event.DEBUG: Notified event "kernel.request" to listener "Symfony\Component\HttpKernel\EventListener\FragmentListener::onKernelRequest". [] []
[2013-11-11 15:02:30] event.DEBUG: Notified event "kernel.request" to listener "Symfony\Component\HttpKernel\EventListener\RouterListener::onKernelRequest". [] []
[2013-11-11 15:02:30] event.DEBUG: Notified event "kernel.request" to listener "Symfony\Component\HttpKernel\EventListener\LocaleListener::onKernelRequest". [] []
[2013-11-11 15:02:30] event.DEBUG: Notified event "kernel.request" to listener "Symfony\Component\Security\Http\Firewall::onKernelRequest". [] []
[2013-11-11 15:02:30] event.DEBUG: Notified event "kernel.request" to listener "Symfony\Component\HttpKernel\EventListener\ErrorsLoggerListener::injectLogger". [] []
[2013-11-11 15:02:30] event.DEBUG: Notified event "kernel.request" to listener "Symfony\Component\HttpKernel\EventListener\ErrorsLoggerListener::injectLogger". [] []
[2013-11-11 15:02:30] event.DEBUG: Notified event "kernel.controller" to listener "Sensio\Bundle\FrameworkExtraBundle\EventListener\ControllerListener::onKernelController". [] []
[2013-11-11 15:02:30] event.DEBUG: Notified event "kernel.controller" to listener "Sensio\Bundle\FrameworkExtraBundle\EventListener\ParamConverterListener::onKernelController". [] []
[2013-11-11 15:02:30] event.DEBUG: Notified event "kernel.controller" to listener "Sensio\Bundle\FrameworkExtraBundle\EventListener\TemplateListener::onKernelController". [] []
[2013-11-11 15:02:31] event.DEBUG: Notified event "kernel.response" to listener "Symfony\Component\HttpKernel\EventListener\ResponseListener::onKernelResponse". [] []
[2013-11-11 15:02:31] event.DEBUG: Notified event "kernel.response" to listener "Symfony\Component\Security\Http\RememberMe\ResponseListener::onKernelResponse". [] []
[2013-11-11 15:02:31] event.DEBUG: Notified event "kernel.response" to listener "Sensio\Bundle\FrameworkExtraBundle\EventListener\CacheListener::onKernelResponse". [] []
[2013-11-11 15:02:31] event.DEBUG: Notified event "kernel.response" to listener "Symfony\Component\HttpKernel\EventListener\StreamedResponseListener::onKernelResponse". [] []
[2013-11-11 15:02:31] event.DEBUG: Listener "Symfony\Component\HttpKernel\EventListener\ExceptionListener::onKernelException" stopped propagation of the event "kernel.exception". [] []
[2013-11-11 15:02:31] event.DEBUG: Notified event "kernel.response" to listener "Symfony\Component\HttpKernel\EventListener\ResponseListener::onKernelResponse". [] []
[2013-11-11 15:02:31] event.DEBUG: Notified event "kernel.response" to listener "Symfony\Component\Security\Http\RememberMe\ResponseListener::onKernelResponse". [] []
[2013-11-11 15:02:31] event.DEBUG: Notified event "kernel.response" to listener "Sensio\Bundle\FrameworkExtraBundle\EventListener\CacheListener::onKernelResponse". [] []
[2013-11-11 15:02:31] event.DEBUG: Notified event "kernel.response" to listener "Symfony\Component\HttpKernel\EventListener\StreamedResponseListener::onKernelResponse". [] []
[2013-11-11 15:02:31] event.DEBUG: Notified event "kernel.terminate" to listener "Symfony\Bundle\SwiftmailerBundle\EventListener\EmailSenderListener::onKernelTerminate". [] []
[2013-11-11 15:09:04] event.DEBUG: Notified event "kernel.request" to listener "Symfony\Bundle\FrameworkBundle\EventListener\SessionListener::onKernelRequest". [] []
[2013-11-11 15:09:04] event.DEBUG: Notified event "kernel.request" to listener "Symfony\Component\HttpKernel\EventListener\FragmentListener::onKernelRequest". [] []
[2013-11-11 15:09:04] event.DEBUG: Notified event "kernel.request" to listener "Symfony\Component\HttpKernel\EventListener\RouterListener::onKernelRequest". [] []
[2013-11-11 15:09:04] request.INFO: Matched route "blog_homepage" (parameters: "_controller": "Blogger\BlogBundle\Controller\PostController::indexAction", "_route": "blog_homepage") [] []
[2013-11-11 15:09:04] event.DEBUG: Notified event "kernel.request" to listener "Symfony\Component\HttpKernel\EventListener\LocaleListener::onKernelRequest". [] []
[2013-11-11 15:09:04] event.DEBUG: Notified event "kernel.request" to listener "Symfony\Component\Security\Http\Firewall::onKernelRequest". [] []
[2013-11-11 15:09:04] event.DEBUG: Notified event "kernel.request" to listener "Symfony\Component\HttpKernel\EventListener\ErrorsLoggerListener::injectLogger". [] []
[2013-11-11 15:09:04] event.DEBUG: Notified event "kernel.request" to listener "Symfony\Component\HttpKernel\EventListener\ErrorsLoggerListener::injectLogger". [] []
[2013-11-11 15:09:04] event.DEBUG: Notified event "kernel.controller" to listener "Sensio\Bundle\FrameworkExtraBundle\EventListener\ControllerListener::onKernelController". [] []
[2013-11-11 15:09:04] event.DEBUG: Notified event "kernel.controller" to listener "Sensio\Bundle\FrameworkExtraBundle\EventListener\ParamConverterListener::onKernelController". [] []
[2013-11-11 15:09:04] event.DEBUG: Notified event "kernel.controller" to listener "Sensio\Bundle\FrameworkExtraBundle\EventListener\TemplateListener::onKernelController". [] []
[2013-11-11 15:09:04] doctrine.DEBUG: SELECT t0.id AS id1, t0.username AS username2, t0.useremail AS useremail3, t0.message AS message4, t0.created_at AS created_at5, t0.updated_at AS updated_at6 FROM post t0 [] []
[2013-11-11 15:09:04] event.DEBUG: Notified event "kernel.exception" to listener "Symfony\Component\HttpKernel\EventListener\ExceptionListener::onKernelException". [] []
[2013-11-11 15:09:04] request.CRITICAL: Uncaught PHP Exception Twig_Error_Loader: "Unable to find template "comment-item.html" in "::base.html.twig" at line 21." at /home/denis/NetBeansProjects/blogapp/vendor/symfony/symfony/src/Symfony/Bundle/TwigBundle/Loader/FilesystemLoader.php line 105 {"exception":"[object] (Twig_Error_Loader: Unable to find template \"comment-item.html\" in \"::base.html.twig\" at line 21. at /home/denis/NetBeansProjects/blogapp/vendor/symfony/symfony/src/Symfony/Bundle/TwigBundle/Loader/FilesystemLoader.php:105, InvalidArgumentException: Template name \"comment-item.html\" is not valid (format is \"bundle:section:template.format.engine\"). at /home/denis/NetBeansProjects/blogapp/app/cache/prod/classes.php:729)"} []
[2013-11-11 15:09:04] event.DEBUG: Notified event "kernel.request" to listener "Symfony\Bundle\FrameworkBundle\EventListener\SessionListener::onKernelRequest". [] []
[2013-11-11 15:09:04] event.DEBUG: Notified event "kernel.request" to listener "Symfony\Component\HttpKernel\EventListener\FragmentListener::onKernelRequest". [] []
[2013-11-11 15:09:04] event.DEBUG: Notified event "kernel.request" to listener "Symfony\Component\HttpKernel\EventListener\RouterListener::onKernelRequest". [] []
[2013-11-11 15:09:04] event.DEBUG: Notified event "kernel.request" to listener "Symfony\Component\HttpKernel\EventListener\LocaleListener::onKernelRequest". [] []
[2013-11-11 15:09:04] event.DEBUG: Notified event "kernel.request" to listener "Symfony\Component\Security\Http\Firewall::onKernelRequest". [] []
[2013-11-11 15:09:04] event.DEBUG: Notified event "kernel.request" to listener "Symfony\Component\HttpKernel\EventListener\ErrorsLoggerListener::injectLogger". [] []
[2013-11-11 15:09:04] event.DEBUG: Notified event "kernel.request" to listener "Symfony\Component\HttpKernel\EventListener\ErrorsLoggerListener::injectLogger". [] []
[2013-11-11 15:09:04] event.DEBUG: Notified event "kernel.controller" to listener "Sensio\Bundle\FrameworkExtraBundle\EventListener\ControllerListener::onKernelController". [] []
[2013-11-11 15:09:04] event.DEBUG: Notified event "kernel.controller" to listener "Sensio\Bundle\FrameworkExtraBundle\EventListener\ParamConverterListener::onKernelController". [] []
[2013-11-11 15:09:04] event.DEBUG: Notified event "kernel.controller" to listener "Sensio\Bundle\FrameworkExtraBundle\EventListener\TemplateListener::onKernelController". [] []
[2013-11-11 15:09:05] event.DEBUG: Notified event "kernel.response" to listener "Symfony\Component\HttpKernel\EventListener\ResponseListener::onKernelResponse". [] []
[2013-11-11 15:09:05] event.DEBUG: Notified event "kernel.response" to listener "Symfony\Component\Security\Http\RememberMe\ResponseListener::onKernelResponse". [] []
[2013-11-11 15:09:05] event.DEBUG: Notified event "kernel.response" to listener "Sensio\Bundle\FrameworkExtraBundle\EventListener\CacheListener::onKernelResponse". [] []
[2013-11-11 15:09:05] event.DEBUG: Notified event "kernel.response" to listener "Symfony\Component\HttpKernel\EventListener\StreamedResponseListener::onKernelResponse". [] []
[2013-11-11 15:09:05] event.DEBUG: Listener "Symfony\Component\HttpKernel\EventListener\ExceptionListener::onKernelException" stopped propagation of the event "kernel.exception". [] []
[2013-11-11 15:09:05] event.DEBUG: Notified event "kernel.response" to listener "Symfony\Component\HttpKernel\EventListener\ResponseListener::onKernelResponse". [] []
[2013-11-11 15:09:05] event.DEBUG: Notified event "kernel.response" to listener "Symfony\Component\Security\Http\RememberMe\ResponseListener::onKernelResponse". [] []
[2013-11-11 15:09:05] event.DEBUG: Notified event "kernel.response" to listener "Sensio\Bundle\FrameworkExtraBundle\EventListener\CacheListener::onKernelResponse". [] []
[2013-11-11 15:09:05] event.DEBUG: Notified event "kernel.response" to listener "Symfony\Component\HttpKernel\EventListener\StreamedResponseListener::onKernelResponse". [] []
[2013-11-11 15:09:05] event.DEBUG: Notified event "kernel.terminate" to listener "Symfony\Bundle\SwiftmailerBundle\EventListener\EmailSenderListener::onKernelTerminate". [] []
[2013-11-11 15:09:52] event.DEBUG: Notified event "kernel.request" to listener "Symfony\Bundle\FrameworkBundle\EventListener\SessionListener::onKernelRequest". [] []
[2013-11-11 15:09:52] event.DEBUG: Notified event "kernel.request" to listener "Symfony\Component\HttpKernel\EventListener\FragmentListener::onKernelRequest". [] []
[2013-11-11 15:09:52] event.DEBUG: Notified event "kernel.request" to listener "Symfony\Component\HttpKernel\EventListener\RouterListener::onKernelRequest". [] []
[2013-11-11 15:09:52] request.INFO: Matched route "blog_homepage" (parameters: "_controller": "Blogger\BlogBundle\Controller\PostController::indexAction", "_route": "blog_homepage") [] []
[2013-11-11 15:09:52] event.DEBUG: Notified event "kernel.request" to listener "Symfony\Component\HttpKernel\EventListener\LocaleListener::onKernelRequest". [] []
[2013-11-11 15:09:52] event.DEBUG: Notified event "kernel.request" to listener "Symfony\Component\Security\Http\Firewall::onKernelRequest". [] []
[2013-11-11 15:09:52] event.DEBUG: Notified event "kernel.request" to listener "Symfony\Component\HttpKernel\EventListener\ErrorsLoggerListener::injectLogger". [] []
[2013-11-11 15:09:52] event.DEBUG: Notified event "kernel.request" to listener "Symfony\Component\HttpKernel\EventListener\ErrorsLoggerListener::injectLogger". [] []
[2013-11-11 15:09:52] event.DEBUG: Notified event "kernel.controller" to listener "Sensio\Bundle\FrameworkExtraBundle\EventListener\ControllerListener::onKernelController". [] []
[2013-11-11 15:09:52] event.DEBUG: Notified event "kernel.controller" to listener "Sensio\Bundle\FrameworkExtraBundle\EventListener\ParamConverterListener::onKernelController". [] []
[2013-11-11 15:09:52] event.DEBUG: Notified event "kernel.controller" to listener "Sensio\Bundle\FrameworkExtraBundle\EventListener\TemplateListener::onKernelController". [] []
[2013-11-11 15:09:53] doctrine.DEBUG: SELECT t0.id AS id1, t0.username AS username2, t0.useremail AS useremail3, t0.message AS message4, t0.created_at AS created_at5, t0.updated_at AS updated_at6 FROM post t0 [] []
[2013-11-11 15:09:53] event.DEBUG: Notified event "kernel.exception" to listener "Symfony\Component\HttpKernel\EventListener\ExceptionListener::onKernelException". [] []
[2013-11-11 15:09:53] request.CRITICAL: Uncaught PHP Exception Twig_Error_Loader: "Unable to find template "BlogBundle:Post:comment-item.html" in "::base.html.twig" at line 21." at /home/denis/NetBeansProjects/blogapp/vendor/symfony/symfony/src/Symfony/Bundle/TwigBundle/Loader/FilesystemLoader.php line 105 {"exception":"[object] (Twig_Error_Loader: Unable to find template \"BlogBundle:Post:comment-item.html\" in \"::base.html.twig\" at line 21. at /home/denis/NetBeansProjects/blogapp/vendor/symfony/symfony/src/Symfony/Bundle/TwigBundle/Loader/FilesystemLoader.php:105, InvalidArgumentException: Template name \"BlogBundle:Post:comment-item.html\" is not valid (format is \"bundle:section:template.format.engine\"). at /home/denis/NetBeansProjects/blogapp/app/cache/prod/classes.php:729)"} []
[2013-11-11 15:09:53] event.DEBUG: Notified event "kernel.request" to listener "Symfony\Bundle\FrameworkBundle\EventListener\SessionListener::onKernelRequest". [] []
[2013-11-11 15:09:53] event.DEBUG: Notified event "kernel.request" to listener "Symfony\Component\HttpKernel\EventListener\FragmentListener::onKernelRequest". [] []
[2013-11-11 15:09:53] event.DEBUG: Notified event "kernel.request" to listener "Symfony\Component\HttpKernel\EventListener\RouterListener::onKernelRequest". [] []
[2013-11-11 15:09:53] event.DEBUG: Notified event "kernel.request" to listener "Symfony\Component\HttpKernel\EventListener\LocaleListener::onKernelRequest". [] []
[2013-11-11 15:09:53] event.DEBUG: Notified event "kernel.request" to listener "Symfony\Component\Security\Http\Firewall::onKernelRequest". [] []
[2013-11-11 15:09:53] event.DEBUG: Notified event "kernel.request" to listener "Symfony\Component\HttpKernel\EventListener\ErrorsLoggerListener::injectLogger". [] []
[2013-11-11 15:09:53] event.DEBUG: Notified event "kernel.request" to listener "Symfony\Component\HttpKernel\EventListener\ErrorsLoggerListener::injectLogger". [] []
[2013-11-11 15:09:53] event.DEBUG: Notified event "kernel.controller" to listener "Sensio\Bundle\FrameworkExtraBundle\EventListener\ControllerListener::onKernelController". [] []
[2013-11-11 15:09:53] event.DEBUG: Notified event "kernel.controller" to listener "Sensio\Bundle\FrameworkExtraBundle\EventListener\ParamConverterListener::onKernelController". [] []
[2013-11-11 15:09:53] event.DEBUG: Notified event "kernel.controller" to listener "Sensio\Bundle\FrameworkExtraBundle\EventListener\TemplateListener::onKernelController". [] []
[2013-11-11 15:09:54] event.DEBUG: Notified event "kernel.response" to listener "Symfony\Component\HttpKernel\EventListener\ResponseListener::onKernelResponse". [] []
[2013-11-11 15:09:54] event.DEBUG: Notified event "kernel.response" to listener "Symfony\Component\Security\Http\RememberMe\ResponseListener::onKernelResponse". [] []
[2013-11-11 15:09:54] event.DEBUG: Notified event "kernel.response" to listener "Sensio\Bundle\FrameworkExtraBundle\EventListener\CacheListener::onKernelResponse". [] []
[2013-11-11 15:09:54] event.DEBUG: Notified event "kernel.response" to listener "Symfony\Component\HttpKernel\EventListener\StreamedResponseListener::onKernelResponse". [] []
[2013-11-11 15:09:54] event.DEBUG: Listener "Symfony\Component\HttpKernel\EventListener\ExceptionListener::onKernelException" stopped propagation of the event "kernel.exception". [] []
[2013-11-11 15:09:54] event.DEBUG: Notified event "kernel.response" to listener "Symfony\Component\HttpKernel\EventListener\ResponseListener::onKernelResponse". [] []
[2013-11-11 15:09:54] event.DEBUG: Notified event "kernel.response" to listener "Symfony\Component\Security\Http\RememberMe\ResponseListener::onKernelResponse". [] []
[2013-11-11 15:09:54] event.DEBUG: Notified event "kernel.response" to listener "Sensio\Bundle\FrameworkExtraBundle\EventListener\CacheListener::onKernelResponse". [] []
[2013-11-11 15:09:54] event.DEBUG: Notified event "kernel.response" to listener "Symfony\Component\HttpKernel\EventListener\StreamedResponseListener::onKernelResponse". [] []
[2013-11-11 15:09:54] event.DEBUG: Notified event "kernel.terminate" to listener "Symfony\Bundle\SwiftmailerBundle\EventListener\EmailSenderListener::onKernelTerminate". [] []
[2013-11-11 15:11:38] event.DEBUG: Notified event "kernel.request" to listener "Symfony\Bundle\FrameworkBundle\EventListener\SessionListener::onKernelRequest". [] []
[2013-11-11 15:11:38] event.DEBUG: Notified event "kernel.request" to listener "Symfony\Component\HttpKernel\EventListener\FragmentListener::onKernelRequest". [] []
[2013-11-11 15:11:38] event.DEBUG: Notified event "kernel.request" to listener "Symfony\Component\HttpKernel\EventListener\RouterListener::onKernelRequest". [] []
[2013-11-11 15:11:38] request.INFO: Matched route "blog_homepage" (parameters: "_controller": "Blogger\BlogBundle\Controller\PostController::indexAction", "_route": "blog_homepage") [] []
[2013-11-11 15:11:38] event.DEBUG: Notified event "kernel.request" to listener "Symfony\Component\HttpKernel\EventListener\LocaleListener::onKernelRequest". [] []
[2013-11-11 15:11:38] event.DEBUG: Notified event "kernel.request" to listener "Symfony\Component\Security\Http\Firewall::onKernelRequest". [] []
[2013-11-11 15:11:38] event.DEBUG: Notified event "kernel.request" to listener "Symfony\Component\HttpKernel\EventListener\ErrorsLoggerListener::injectLogger". [] []
[2013-11-11 15:11:38] event.DEBUG: Notified event "kernel.request" to listener "Symfony\Component\HttpKernel\EventListener\ErrorsLoggerListener::injectLogger". [] []
[2013-11-11 15:11:38] event.DEBUG: Notified event "kernel.controller" to listener "Sensio\Bundle\FrameworkExtraBundle\EventListener\ControllerListener::onKernelController". [] []
[2013-11-11 15:11:38] event.DEBUG: Notified event "kernel.controller" to listener "Sensio\Bundle\FrameworkExtraBundle\EventListener\ParamConverterListener::onKernelController". [] []
[2013-11-11 15:11:38] event.DEBUG: Notified event "kernel.controller" to listener "Sensio\Bundle\FrameworkExtraBundle\EventListener\TemplateListener::onKernelController". [] []
[2013-11-11 15:11:38] doctrine.DEBUG: SELECT t0.id AS id1, t0.username AS username2, t0.useremail AS useremail3, t0.message AS message4, t0.created_at AS created_at5, t0.updated_at AS updated_at6 FROM post t0 [] []
[2013-11-11 15:11:38] event.DEBUG: Notified event "kernel.exception" to listener "Symfony\Component\HttpKernel\EventListener\ExceptionListener::onKernelException". [] []
[2013-11-11 15:11:38] request.CRITICAL: Uncaught PHP Exception Twig_Error_Syntax: "Unexpected tag name "sandbox" (expecting closing tag for the "for" tag defined near line 7) in "BlogBundle:Post:index.html.twig" at line 7" at /home/denis/NetBeansProjects/blogapp/vendor/twig/twig/lib/Twig/Parser.php line 174 {"exception":"[object] (Twig_Error_Syntax: Unexpected tag name \"sandbox\" (expecting closing tag for the \"for\" tag defined near line 7) in \"BlogBundle:Post:index.html.twig\" at line 7 at /home/denis/NetBeansProjects/blogapp/vendor/twig/twig/lib/Twig/Parser.php:174)"} []
[2013-11-11 15:11:38] event.DEBUG: Notified event "kernel.request" to listener "Symfony\Bundle\FrameworkBundle\EventListener\SessionListener::onKernelRequest". [] []
[2013-11-11 15:11:38] event.DEBUG: Notified event "kernel.request" to listener "Symfony\Component\HttpKernel\EventListener\FragmentListener::onKernelRequest". [] []
[2013-11-11 15:11:38] event.DEBUG: Notified event "kernel.request" to listener "Symfony\Component\HttpKernel\EventListener\RouterListener::onKernelRequest". [] []
[2013-11-11 15:11:38] event.DEBUG: Notified event "kernel.request" to listener "Symfony\Component\HttpKernel\EventListener\LocaleListener::onKernelRequest". [] []
[2013-11-11 15:11:38] event.DEBUG: Notified event "kernel.request" to listener "Symfony\Component\Security\Http\Firewall::onKernelRequest". [] []
[2013-11-11 15:11:38] event.DEBUG: Notified event "kernel.request" to listener "Symfony\Component\HttpKernel\EventListener\ErrorsLoggerListener::injectLogger". [] []
[2013-11-11 15:11:38] event.DEBUG: Notified event "kernel.request" to listener "Symfony\Component\HttpKernel\EventListener\ErrorsLoggerListener::injectLogger". [] []
[2013-11-11 15:11:38] event.DEBUG: Notified event "kernel.controller" to listener "Sensio\Bundle\FrameworkExtraBundle\EventListener\ControllerListener::onKernelController". [] []
[2013-11-11 15:11:38] event.DEBUG: Notified event "kernel.controller" to listener "Sensio\Bundle\FrameworkExtraBundle\EventListener\ParamConverterListener::onKernelController". [] []
[2013-11-11 15:11:38] event.DEBUG: Notified event "kernel.controller" to listener "Sensio\Bundle\FrameworkExtraBundle\EventListener\TemplateListener::onKernelController". [] []
[2013-11-11 15:11:38] event.DEBUG: Notified event "kernel.response" to listener "Symfony\Component\HttpKernel\EventListener\ResponseListener::onKernelResponse". [] []
[2013-11-11 15:11:38] event.DEBUG: Notified event "kernel.response" to listener "Symfony\Component\Security\Http\RememberMe\ResponseListener::onKernelResponse". [] []
[2013-11-11 15:11:38] event.DEBUG: Notified event "kernel.response" to listener "Sensio\Bundle\FrameworkExtraBundle\EventListener\CacheListener::onKernelResponse". [] []
[2013-11-11 15:11:38] event.DEBUG: Notified event "kernel.response" to listener "Symfony\Component\HttpKernel\EventListener\StreamedResponseListener::onKernelResponse". [] []
[2013-11-11 15:11:38] event.DEBUG: Listener "Symfony\Component\HttpKernel\EventListener\ExceptionListener::onKernelException" stopped propagation of the event "kernel.exception". [] []
[2013-11-11 15:11:38] event.DEBUG: Notified event "kernel.response" to listener "Symfony\Component\HttpKernel\EventListener\ResponseListener::onKernelResponse". [] []
[2013-11-11 15:11:38] event.DEBUG: Notified event "kernel.response" to listener "Symfony\Component\Security\Http\RememberMe\ResponseListener::onKernelResponse". [] []
[2013-11-11 15:11:38] event.DEBUG: Notified event "kernel.response" to listener "Sensio\Bundle\FrameworkExtraBundle\EventListener\CacheListener::onKernelResponse". [] []
[2013-11-11 15:11:38] event.DEBUG: Notified event "kernel.response" to listener "Symfony\Component\HttpKernel\EventListener\StreamedResponseListener::onKernelResponse". [] []
[2013-11-11 15:11:38] event.DEBUG: Notified event "kernel.terminate" to listener "Symfony\Bundle\SwiftmailerBundle\EventListener\EmailSenderListener::onKernelTerminate". [] []
[2013-11-11 15:13:10] event.DEBUG: Notified event "kernel.request" to listener "Symfony\Bundle\FrameworkBundle\EventListener\SessionListener::onKernelRequest". [] []
[2013-11-11 15:13:10] event.DEBUG: Notified event "kernel.request" to listener "Symfony\Component\HttpKernel\EventListener\FragmentListener::onKernelRequest". [] []
[2013-11-11 15:13:10] event.DEBUG: Notified event "kernel.request" to listener "Symfony\Component\HttpKernel\EventListener\RouterListener::onKernelRequest". [] []
[2013-11-11 15:13:10] request.INFO: Matched route "blog_homepage" (parameters: "_controller": "Blogger\BlogBundle\Controller\PostController::indexAction", "_route": "blog_homepage") [] []
[2013-11-11 15:13:10] event.DEBUG: Notified event "kernel.request" to listener "Symfony\Component\HttpKernel\EventListener\LocaleListener::onKernelRequest". [] []
[2013-11-11 15:13:10] event.DEBUG: Notified event "kernel.request" to listener "Symfony\Component\Security\Http\Firewall::onKernelRequest". [] []
[2013-11-11 15:13:10] event.DEBUG: Notified event "kernel.request" to listener "Symfony\Component\HttpKernel\EventListener\ErrorsLoggerListener::injectLogger". [] []
[2013-11-11 15:13:10] event.DEBUG: Notified event "kernel.request" to listener "Symfony\Component\HttpKernel\EventListener\ErrorsLoggerListener::injectLogger". [] []
[2013-11-11 15:13:10] event.DEBUG: Notified event "kernel.controller" to listener "Sensio\Bundle\FrameworkExtraBundle\EventListener\ControllerListener::onKernelController". [] []
[2013-11-11 15:13:10] event.DEBUG: Notified event "kernel.controller" to listener "Sensio\Bundle\FrameworkExtraBundle\EventListener\ParamConverterListener::onKernelController". [] []
[2013-11-11 15:13:10] event.DEBUG: Notified event "kernel.controller" to listener "Sensio\Bundle\FrameworkExtraBundle\EventListener\TemplateListener::onKernelController". [] []
[2013-11-11 15:13:10] doctrine.DEBUG: SELECT t0.id AS id1, t0.username AS username2, t0.useremail AS useremail3, t0.message AS message4, t0.created_at AS created_at5, t0.updated_at AS updated_at6 FROM post t0 [] []
[2013-11-11 15:13:10] event.DEBUG: Notified event "kernel.exception" to listener "Symfony\Component\HttpKernel\EventListener\ExceptionListener::onKernelException". [] []
[2013-11-11 15:13:10] request.CRITICAL: Uncaught PHP Exception Twig_Error_Loader: "Unable to find template "BlogBundle:Post:comment-item.html" in "::base.html.twig" at line 21." at /home/denis/NetBeansProjects/blogapp/vendor/symfony/symfony/src/Symfony/Bundle/TwigBundle/Loader/FilesystemLoader.php line 105 {"exception":"[object] (Twig_Error_Loader: Unable to find template \"BlogBundle:Post:comment-item.html\" in \"::base.html.twig\" at line 21. at /home/denis/NetBeansProjects/blogapp/vendor/symfony/symfony/src/Symfony/Bundle/TwigBundle/Loader/FilesystemLoader.php:105, InvalidArgumentException: Template name \"BlogBundle:Post:comment-item.html\" is not valid (format is \"bundle:section:template.format.engine\"). at /home/denis/NetBeansProjects/blogapp/app/cache/prod/classes.php:729)"} []
[2013-11-11 15:13:10] event.DEBUG: Notified event "kernel.request" to listener "Symfony\Bundle\FrameworkBundle\EventListener\SessionListener::onKernelRequest". [] []
[2013-11-11 15:13:10] event.DEBUG: Notified event "kernel.request" to listener "Symfony\Component\HttpKernel\EventListener\FragmentListener::onKernelRequest". [] []
[2013-11-11 15:13:10] event.DEBUG: Notified event "kernel.request" to listener "Symfony\Component\HttpKernel\EventListener\RouterListener::onKernelRequest". [] []
[2013-11-11 15:13:10] event.DEBUG: Notified event "kernel.request" to listener "Symfony\Component\HttpKernel\EventListener\LocaleListener::onKernelRequest". [] []
[2013-11-11 15:13:10] event.DEBUG: Notified event "kernel.request" to listener "Symfony\Component\Security\Http\Firewall::onKernelRequest". [] []
[2013-11-11 15:13:10] event.DEBUG: Notified event "kernel.request" to listener "Symfony\Component\HttpKernel\EventListener\ErrorsLoggerListener::injectLogger". [] []
[2013-11-11 15:13:10] event.DEBUG: Notified event "kernel.request" to listener "Symfony\Component\HttpKernel\EventListener\ErrorsLoggerListener::injectLogger". [] []
[2013-11-11 15:13:10] event.DEBUG: Notified event "kernel.controller" to listener "Sensio\Bundle\FrameworkExtraBundle\EventListener\ControllerListener::onKernelController". [] []
[2013-11-11 15:13:10] event.DEBUG: Notified event "kernel.controller" to listener "Sensio\Bundle\FrameworkExtraBundle\EventListener\ParamConverterListener::onKernelController". [] []
[2013-11-11 15:13:10] event.DEBUG: Notified event "kernel.controller" to listener "Sensio\Bundle\FrameworkExtraBundle\EventListener\TemplateListener::onKernelController". [] []
[2013-11-11 15:13:11] event.DEBUG: Notified event "kernel.response" to listener "Symfony\Component\HttpKernel\EventListener\ResponseListener::onKernelResponse". [] []
[2013-11-11 15:13:11] event.DEBUG: Notified event "kernel.response" to listener "Symfony\Component\Security\Http\RememberMe\ResponseListener::onKernelResponse". [] []
[2013-11-11 15:13:11] event.DEBUG: Notified event "kernel.response" to listener "Sensio\Bundle\FrameworkExtraBundle\EventListener\CacheListener::onKernelResponse". [] []
[2013-11-11 15:13:11] event.DEBUG: Notified event "kernel.response" to listener "Symfony\Component\HttpKernel\EventListener\StreamedResponseListener::onKernelResponse". [] []
[2013-11-11 15:13:11] event.DEBUG: Listener "Symfony\Component\HttpKernel\EventListener\ExceptionListener::onKernelException" stopped propagation of the event "kernel.exception". [] []
[2013-11-11 15:13:11] event.DEBUG: Notified event "kernel.response" to listener "Symfony\Component\HttpKernel\EventListener\ResponseListener::onKernelResponse". [] []
[2013-11-11 15:13:11] event.DEBUG: Notified event "kernel.response" to listener "Symfony\Component\Security\Http\RememberMe\ResponseListener::onKernelResponse". [] []
[2013-11-11 15:13:11] event.DEBUG: Notified event "kernel.response" to listener "Sensio\Bundle\FrameworkExtraBundle\EventListener\CacheListener::onKernelResponse". [] []
[2013-11-11 15:13:11] event.DEBUG: Notified event "kernel.response" to listener "Symfony\Component\HttpKernel\EventListener\StreamedResponseListener::onKernelResponse". [] []
[2013-11-11 15:13:11] event.DEBUG: Notified event "kernel.terminate" to listener "Symfony\Bundle\SwiftmailerBundle\EventListener\EmailSenderListener::onKernelTerminate". [] []
